app/build/intermediates/manifest_merge_blame_file/debug/manifest-merger-blame-debug-report.txt
1<?xml version="1.0" encoding="utf-8"?>
2<manifest xmlns:android="http://schemas.android.com/apk/res/android"
3    package="com.ecommerce_app.freshF"
4    android:usesCleartextTraffic="true"
5    android:versionCode="1"
6    android:versionName="1.0" >
7
8    <uses-sdk
9        android:minSdkVersion="33"
9-->src\main\AndroidManifest.xml
10        android:targetSdkVersion="33" />
10-->src\main\AndroidManifest.xml
11
12    <!-- Although the *SdkVersion is captured in gradle build files, this is required for non gradle builds -->
13    <!-- <uses-sdk android:minSdkVersion="14" /> -->
14    <uses-permission android:name="android.permission.ACCESS_NETWORK_STATE" />
14-->[com.google.firebase:firebase-firestore:24.6.1] AndroidManifest.xml:12:5-79
14-->[com.google.firebase:firebase-firestore:24.6.1] AndroidManifest.xml:12:22-76
15    <uses-permission android:name="android.permission.INTERNET" />
15-->[com.google.firebase:firebase-firestore:24.6.1] AndroidManifest.xml:13:5-67
15-->[com.google.firebase:firebase-firestore:24.6.1] AndroidManifest.xml:13:22-64
16
17    <permission
17-->[androidx.core:core:1.9.0] AndroidManifest.xml:22:5-24:47
18        android:name="com.ecommerce_app.freshF.DYNAMIC_RECEIVER_NOT_EXPORTED_PERMISSION"
18-->[androidx.core:core:1.9.0] AndroidManifest.xml:23:9-81
19        android:protectionLevel="signature" />
19-->[androidx.core:core:1.9.0] AndroidManifest.xml:24:9-44
20
21    <uses-permission android:name="com.ecommerce_app.freshF.DYNAMIC_RECEIVER_NOT_EXPORTED_PERMISSION" />
21-->[androidx.core:core:1.9.0] AndroidManifest.xml:26:5-97
21-->[androidx.core:core:1.9.0] AndroidManifest.xml:26:22-94
22
23    <application
23-->src\main\AndroidManifest.xml:7:5-92:19
24        android:allowBackup="true"
24-->src\main\AndroidManifest.xml:8:9-35
25        android:appComponentFactory="androidx.core.app.CoreComponentFactory"
25-->[androidx.core:core:1.9.0] AndroidManifest.xml:28:18-86
26        android:dataExtractionRules="@xml/data_extraction_rules"
26-->src\main\AndroidManifest.xml:9:9-65
27        android:debuggable="true"
28        android:enableOnBackInvokedCallback="true"
28-->src\main\AndroidManifest.xml:16:9-51
29        android:extractNativeLibs="false"
30        android:fullBackupContent="@xml/backup_rules"
30-->src\main\AndroidManifest.xml:10:9-54
31        android:icon="@mipmap/ic_launcher"
31-->src\main\AndroidManifest.xml:11:9-43
32        android:label="@string/app_name"
32-->src\main\AndroidManifest.xml:12:9-41
33        android:supportsRtl="true"
33-->src\main\AndroidManifest.xml:13:9-35
34        android:testOnly="true"
35        android:theme="@style/Theme.FreshF" >
35-->src\main\AndroidManifest.xml:14:9-44
36        <activity
36-->src\main\AndroidManifest.xml:20:9-26:20
37            android:name="com.ecommerce_app.freshF.Sign_Up_Activity"
37-->src\main\AndroidManifest.xml:20:19-51
38            android:exported="true" >
38-->src\main\AndroidManifest.xml:21:13-36
39            <intent-filter>
39-->src\main\AndroidManifest.xml:22:13-25:29
40                <action android:name=".SelectSubjectActivity" />
40-->src\main\AndroidManifest.xml:23:17-65
40-->src\main\AndroidManifest.xml:23:25-62
41
42                <category android:name="adjustResize" />
42-->src\main\AndroidManifest.xml:24:17-57
42-->src\main\AndroidManifest.xml:24:27-54
43            </intent-filter>
44        </activity>
45        <activity
45-->src\main\AndroidManifest.xml:28:9-34:20
46            android:name="com.ecommerce_app.freshF.Login_Activity"
46-->src\main\AndroidManifest.xml:28:19-49
47            android:exported="true" >
47-->src\main\AndroidManifest.xml:29:13-36
48            <intent-filter>
48-->src\main\AndroidManifest.xml:30:13-33:29
49                <action android:name="android.intent.action.MAIN" />
49-->src\main\AndroidManifest.xml:31:17-69
49-->src\main\AndroidManifest.xml:31:25-66
50
51                <category android:name="android.intent.category.LAUNCHER" />
51-->src\main\AndroidManifest.xml:32:17-77
51-->src\main\AndroidManifest.xml:32:27-74
52            </intent-filter>
53        </activity>
54        <activity
54-->src\main\AndroidManifest.xml:36:9-42:20
55            android:name="com.ecommerce_app.freshF.View_All_Popular_Activity"
55-->src\main\AndroidManifest.xml:36:19-60
56            android:exported="true" >
56-->src\main\AndroidManifest.xml:37:13-36
57            <intent-filter>
57-->src\main\AndroidManifest.xml:22:13-25:29
58                <action android:name=".SelectSubjectActivity" />
58-->src\main\AndroidManifest.xml:23:17-65
58-->src\main\AndroidManifest.xml:23:25-62
59
60                <category android:name="adjustResize" />
60-->src\main\AndroidManifest.xml:24:17-57
60-->src\main\AndroidManifest.xml:24:27-54
61            </intent-filter>
62        </activity>
63        <activity
63-->src\main\AndroidManifest.xml:44:9-50:20
64            android:name="com.ecommerce_app.freshF.View_All_Category_Activity"
64-->src\main\AndroidManifest.xml:44:19-61
65            android:exported="true" >
65-->src\main\AndroidManifest.xml:45:13-36
66            <intent-filter>
66-->src\main\AndroidManifest.xml:22:13-25:29
67                <action android:name=".SelectSubjectActivity" />
67-->src\main\AndroidManifest.xml:23:17-65
67-->src\main\AndroidManifest.xml:23:25-62
68
69                <category android:name="adjustResize" />
69-->src\main\AndroidManifest.xml:24:17-57
69-->src\main\AndroidManifest.xml:24:27-54
70            </intent-filter>
71        </activity>
72        <activity
72-->src\main\AndroidManifest.xml:52:9-58:20
73            android:name="com.ecommerce_app.freshF.View_All_Product_By_Type_Activity"
73-->src\main\AndroidManifest.xml:52:19-68
74            android:exported="true" >
74-->src\main\AndroidManifest.xml:53:13-36
75            <intent-filter>
75-->src\main\AndroidManifest.xml:22:13-25:29
76                <action android:name=".SelectSubjectActivity" />
76-->src\main\AndroidManifest.xml:23:17-65
76-->src\main\AndroidManifest.xml:23:25-62
77
78                <category android:name="adjustResize" />
78-->src\main\AndroidManifest.xml:24:17-57
78-->src\main\AndroidManifest.xml:24:27-54
79            </intent-filter>
80        </activity>
81        <activity
81-->src\main\AndroidManifest.xml:60:9-66:20
82            android:name="com.ecommerce_app.freshF.Detail_Product_Activity"
82-->src\main\AndroidManifest.xml:60:19-58
83            android:exported="true" >
83-->src\main\AndroidManifest.xml:61:13-36
84            <intent-filter>
84-->src\main\AndroidManifest.xml:22:13-25:29
85                <action android:name=".SelectSubjectActivity" />
85-->src\main\AndroidManifest.xml:23:17-65
85-->src\main\AndroidManifest.xml:23:25-62
86
87                <category android:name="adjustResize" />
87-->src\main\AndroidManifest.xml:24:17-57
87-->src\main\AndroidManifest.xml:24:27-54
88            </intent-filter>
89        </activity>
90        <activity
90-->src\main\AndroidManifest.xml:68:9-74:20
91            android:name="com.ecommerce_app.freshF.Placed_Oder_Activity"
91-->src\main\AndroidManifest.xml:68:19-55
92            android:exported="true" >
92-->src\main\AndroidManifest.xml:69:13-36
93            <intent-filter>
93-->src\main\AndroidManifest.xml:22:13-25:29
94                <action android:name=".SelectSubjectActivity" />
94-->src\main\AndroidManifest.xml:23:17-65
94-->src\main\AndroidManifest.xml:23:25-62
95
96                <category android:name="adjustResize" />
96-->src\main\AndroidManifest.xml:24:17-57
96-->src\main\AndroidManifest.xml:24:27-54
97            </intent-filter>
98        </activity>
99        <activity
99-->src\main\AndroidManifest.xml:76:9-82:20
100            android:name="com.ecommerce_app.freshF.Detail_Order_Activity"
100-->src\main\AndroidManifest.xml:76:19-56
101            android:exported="true" >
101-->src\main\AndroidManifest.xml:77:13-36
102            <intent-filter>
102-->src\main\AndroidManifest.xml:22:13-25:29
103                <action android:name=".SelectSubjectActivity" />
103-->src\main\AndroidManifest.xml:23:17-65
103-->src\main\AndroidManifest.xml:23:25-62
104
105                <category android:name="adjustResize" />
105-->src\main\AndroidManifest.xml:24:17-57
105-->src\main\AndroidManifest.xml:24:27-54
106            </intent-filter>
107        </activity>
108        <activity
108-->src\main\AndroidManifest.xml:84:9-91:20
109            android:name="com.ecommerce_app.freshF.Main_Activity"
109-->src\main\AndroidManifest.xml:84:19-48
110            android:exported="true"
110-->src\main\AndroidManifest.xml:86:13-36
111            android:theme="@style/AppTheme.NoActionBar" >
111-->src\main\AndroidManifest.xml:85:13-56
112            <intent-filter>
112-->src\main\AndroidManifest.xml:22:13-25:29
113                <action android:name=".SelectSubjectActivity" />
113-->src\main\AndroidManifest.xml:23:17-65
113-->src\main\AndroidManifest.xml:23:25-62
114
115                <category android:name="adjustResize" />
115-->src\main\AndroidManifest.xml:24:17-57
115-->src\main\AndroidManifest.xml:24:27-54
116            </intent-filter>
117        </activity>
118
119        <service
119-->[com.google.firebase:firebase-firestore:24.6.1] AndroidManifest.xml:16:9-22:19
120            android:name="com.google.firebase.components.ComponentDiscoveryService"
120-->[com.google.firebase:firebase-firestore:24.6.1] AndroidManifest.xml:17:13-84
121            android:directBootAware="true"
121-->[com.google.firebase:firebase-common:20.3.2] AndroidManifest.xml:34:13-43
122            android:exported="false" >
122-->[com.google.firebase:firebase-firestore:24.6.1] AndroidManifest.xml:18:13-37
123            <meta-data
123-->[com.google.firebase:firebase-firestore:24.6.1] AndroidManifest.xml:19:13-21:85
124                android:name="com.google.firebase.components:com.google.firebase.firestore.FirestoreRegistrar"
124-->[com.google.firebase:firebase-firestore:24.6.1] AndroidManifest.xml:20:17-111
125                android:value="com.google.firebase.components.ComponentRegistrar" />
125-->[com.google.firebase:firebase-firestore:24.6.1] AndroidManifest.xml:21:17-82
126            <meta-data
126-->[com.google.firebase:firebase-storage:20.2.0] AndroidManifest.xml:32:13-34:85
127                android:name="com.google.firebase.components:com.google.firebase.storage.StorageRegistrar"
127-->[com.google.firebase:firebase-storage:20.2.0] AndroidManifest.xml:33:17-107
128                android:value="com.google.firebase.components.ComponentRegistrar" />
128-->[com.google.firebase:firebase-storage:20.2.0] AndroidManifest.xml:34:17-82
129            <meta-data
129-->[com.google.firebase:firebase-auth:22.0.0] AndroidManifest.xml:69:13-71:85
130                android:name="com.google.firebase.components:com.google.firebase.auth.FirebaseAuthRegistrar"
130-->[com.google.firebase:firebase-auth:22.0.0] AndroidManifest.xml:70:17-109
131                android:value="com.google.firebase.components.ComponentRegistrar" />
131-->[com.google.firebase:firebase-auth:22.0.0] AndroidManifest.xml:71:17-82
132            <meta-data
132-->[com.google.firebase:firebase-database-ktx:20.2.2] AndroidManifest.xml:14:13-16:85
133                android:name="com.google.firebase.components:com.google.firebase.database.ktx.FirebaseDatabaseKtxRegistrar"
133-->[com.google.firebase:firebase-database-ktx:20.2.2] AndroidManifest.xml:15:17-124
134                android:value="com.google.firebase.components.ComponentRegistrar" />
134-->[com.google.firebase:firebase-database-ktx:20.2.2] AndroidManifest.xml:16:17-82
135            <meta-data
135-->[com.google.firebase:firebase-common-ktx:20.3.2] AndroidManifest.xml:14:13-16:85
136                android:name="com.google.firebase.components:com.google.firebase.ktx.FirebaseCommonKtxRegistrar"
136-->[com.google.firebase:firebase-common-ktx:20.3.2] AndroidManifest.xml:15:17-113
137                android:value="com.google.firebase.components.ComponentRegistrar" />
137-->[com.google.firebase:firebase-common-ktx:20.3.2] AndroidManifest.xml:16:17-82
138            <meta-data
138-->[com.google.firebase:firebase-database:20.2.2] AndroidManifest.xml:31:13-33:85
139                android:name="com.google.firebase.components:com.google.firebase.database.DatabaseRegistrar"
139-->[com.google.firebase:firebase-database:20.2.2] AndroidManifest.xml:32:17-109
140                android:value="com.google.firebase.components.ComponentRegistrar" />
140-->[com.google.firebase:firebase-database:20.2.2] AndroidManifest.xml:33:17-82
141        </service>
142
143        <activity
143-->[com.google.firebase:firebase-auth:22.0.0] AndroidManifest.xml:29:9-46:20
144            android:name="com.google.firebase.auth.internal.GenericIdpActivity"
144-->[com.google.firebase:firebase-auth:22.0.0] AndroidManifest.xml:30:13-80
145            android:excludeFromRecents="true"
145-->[com.google.firebase:firebase-auth:22.0.0] AndroidManifest.xml:31:13-46
146            android:exported="true"
146-->[com.google.firebase:firebase-auth:22.0.0] AndroidManifest.xml:32:13-36
147            android:launchMode="singleTask"
147-->[com.google.firebase:firebase-auth:22.0.0] AndroidManifest.xml:33:13-44
148            android:theme="@android:style/Theme.Translucent.NoTitleBar" >
148-->[com.google.firebase:firebase-auth:22.0.0] AndroidManifest.xml:34:13-72
149            <intent-filter>
149-->[com.google.firebase:firebase-auth:22.0.0] AndroidManifest.xml:35:13-45:29
150                <action android:name="android.intent.action.VIEW" />
150-->[com.google.firebase:firebase-auth:22.0.0] AndroidManifest.xml:36:17-69
150-->[com.google.firebase:firebase-auth:22.0.0] AndroidManifest.xml:36:25-66
151
152                <category android:name="android.intent.category.DEFAULT" />
152-->[com.google.firebase:firebase-auth:22.0.0] AndroidManifest.xml:38:17-76
152-->[com.google.firebase:firebase-auth:22.0.0] AndroidManifest.xml:38:27-73
153                <category android:name="android.intent.category.BROWSABLE" />
153-->[com.google.firebase:firebase-auth:22.0.0] AndroidManifest.xml:39:17-78
153-->[com.google.firebase:firebase-auth:22.0.0] AndroidManifest.xml:39:27-75
154
155                <data
155-->[com.google.firebase:firebase-auth:22.0.0] AndroidManifest.xml:41:17-44:51
156                    android:host="firebase.auth"
156-->[com.google.firebase:firebase-auth:22.0.0] AndroidManifest.xml:42:21-49
157                    android:path="/"
157-->[com.google.firebase:firebase-auth:22.0.0] AndroidManifest.xml:43:21-37
158                    android:scheme="genericidp" />
158-->[com.google.firebase:firebase-auth:22.0.0] AndroidManifest.xml:44:21-48
159            </intent-filter>
160        </activity>
161        <activity
161-->[com.google.firebase:firebase-auth:22.0.0] AndroidManifest.xml:47:9-64:20
162            android:name="com.google.firebase.auth.internal.RecaptchaActivity"
162-->[com.google.firebase:firebase-auth:22.0.0] AndroidManifest.xml:48:13-79
163            android:excludeFromRecents="true"
163-->[com.google.firebase:firebase-auth:22.0.0] AndroidManifest.xml:49:13-46
164            android:exported="true"
164-->[com.google.firebase:firebase-auth:22.0.0] AndroidManifest.xml:50:13-36
165            android:launchMode="singleTask"
165-->[com.google.firebase:firebase-auth:22.0.0] AndroidManifest.xml:51:13-44
166            android:theme="@android:style/Theme.Translucent.NoTitleBar" >
166-->[com.google.firebase:firebase-auth:22.0.0] AndroidManifest.xml:52:13-72
167            <intent-filter>
167-->[com.google.firebase:firebase-auth:22.0.0] AndroidManifest.xml:53:13-63:29
168                <action android:name="android.intent.action.VIEW" />
168-->[com.google.firebase:firebase-auth:22.0.0] AndroidManifest.xml:36:17-69
168-->[com.google.firebase:firebase-auth:22.0.0] AndroidManifest.xml:36:25-66
169
170                <category android:name="android.intent.category.DEFAULT" />
170-->[com.google.firebase:firebase-auth:22.0.0] AndroidManifest.xml:38:17-76
170-->[com.google.firebase:firebase-auth:22.0.0] AndroidManifest.xml:38:27-73
171                <category android:name="android.intent.category.BROWSABLE" />
171-->[com.google.firebase:firebase-auth:22.0.0] AndroidManifest.xml:39:17-78
171-->[com.google.firebase:firebase-auth:22.0.0] AndroidManifest.xml:39:27-75
172
173                <data
173-->[com.google.firebase:firebase-auth:22.0.0] AndroidManifest.xml:41:17-44:51
174                    android:host="firebase.auth"
174-->[com.google.firebase:firebase-auth:22.0.0] AndroidManifest.xml:42:21-49
175                    android:path="/"
175-->[com.google.firebase:firebase-auth:22.0.0] AndroidManifest.xml:43:21-37
176                    android:scheme="recaptcha" />
176-->[com.google.firebase:firebase-auth:22.0.0] AndroidManifest.xml:44:21-48
177            </intent-filter>
178        </activity>
179
180        <provider
180-->[com.google.firebase:firebase-common:20.3.2] AndroidManifest.xml:25:9-30:39
181            android:name="com.google.firebase.provider.FirebaseInitProvider"
181-->[com.google.firebase:firebase-common:20.3.2] AndroidManifest.xml:26:13-77
182            android:authorities="com.ecommerce_app.freshF.firebaseinitprovider"
182-->[com.google.firebase:firebase-common:20.3.2] AndroidManifest.xml:27:13-72
183            android:directBootAware="true"
183-->[com.google.firebase:firebase-common:20.3.2] AndroidManifest.xml:28:13-43
184            android:exported="false"
184-->[com.google.firebase:firebase-common:20.3.2] AndroidManifest.xml:29:13-37
185            android:initOrder="100" />
185-->[com.google.firebase:firebase-common:20.3.2] AndroidManifest.xml:30:13-36
186
187        <activity
187-->[com.google.android.gms:play-services-base:18.1.0] AndroidManifest.xml:20:9-22:45
188            android:name="com.google.android.gms.common.api.GoogleApiActivity"
188-->[com.google.android.gms:play-services-base:18.1.0] AndroidManifest.xml:20:19-85
189            android:exported="false"
189-->[com.google.android.gms:play-services-base:18.1.0] AndroidManifest.xml:22:19-43
190            android:theme="@android:style/Theme.Translucent.NoTitleBar" />
190-->[com.google.android.gms:play-services-base:18.1.0] AndroidManifest.xml:21:19-78
191
192        <meta-data
192-->[com.google.android.gms:play-services-basement:18.1.0] AndroidManifest.xml:21:9-23:69
193            android:name="com.google.android.gms.version"
193-->[com.google.android.gms:play-services-basement:18.1.0] AndroidManifest.xml:22:13-58
194            android:value="@integer/google_play_services_version" />
194-->[com.google.android.gms:play-services-basement:18.1.0] AndroidManifest.xml:23:13-66
195
196        <provider
196-->[androidx.emoji2:emoji2:1.2.0] AndroidManifest.xml:24:9-32:20
197            android:name="androidx.startup.InitializationProvider"
197-->[androidx.emoji2:emoji2:1.2.0] AndroidManifest.xml:25:13-67
198            android:authorities="com.ecommerce_app.freshF.androidx-startup"
198-->[androidx.emoji2:emoji2:1.2.0] AndroidManifest.xml:26:13-68
199            android:exported="false" >
199-->[androidx.emoji2:emoji2:1.2.0] AndroidManifest.xml:27:13-37
200            <meta-data
200-->[androidx.emoji2:emoji2:1.2.0] AndroidManifest.xml:29:13-31:52
201                android:name="androidx.emoji2.text.EmojiCompatInitializer"
201-->[androidx.emoji2:emoji2:1.2.0] AndroidManifest.xml:30:17-75
202                android:value="androidx.startup" />
202-->[androidx.emoji2:emoji2:1.2.0] AndroidManifest.xml:31:17-49
203            <meta-data
203-->[androidx.lifecycle:lifecycle-process:2.6.1] AndroidManifest.xml:29:13-31:52
204                android:name="androidx.lifecycle.ProcessLifecycleInitializer"
204-->[androidx.lifecycle:lifecycle-process:2.6.1] AndroidManifest.xml:30:17-78
205                android:value="androidx.startup" />
205-->[androidx.lifecycle:lifecycle-process:2.6.1] AndroidManifest.xml:31:17-49
206            <meta-data
206-->[androidx.profileinstaller:profileinstaller:1.3.0] AndroidManifest.xml:29:13-31:52
207                android:name="androidx.profileinstaller.ProfileInstallerInitializer"
207-->[androidx.profileinstaller:profileinstaller:1.3.0] AndroidManifest.xml:30:17-85
208                android:value="androidx.startup" />
208-->[androidx.profileinstaller:profileinstaller:1.3.0] AndroidManifest.xml:31:17-49
209        </provider>
210
211        <uses-library
211-->[androidx.window:window:1.0.0] AndroidManifest.xml:25:9-27:40
212            android:name="androidx.window.extensions"
212-->[androidx.window:window:1.0.0] AndroidManifest.xml:26:13-54
213            android:required="false" />
213-->[androidx.window:window:1.0.0] AndroidManifest.xml:27:13-37
214        <uses-library
214-->[androidx.window:window:1.0.0] AndroidManifest.xml:28:9-30:40
215            android:name="androidx.window.sidecar"
215-->[androidx.window:window:1.0.0] AndroidManifest.xml:29:13-51
216            android:required="false" />
216-->[androidx.window:window:1.0.0] AndroidManifest.xml:30:13-37
217
218        <receiver
218-->[androidx.profileinstaller:profileinstaller:1.3.0] AndroidManifest.xml:34:9-52:20
219            android:name="androidx.profileinstaller.ProfileInstallReceiver"
219-->[androidx.profileinstaller:profileinstaller:1.3.0] AndroidManifest.xml:35:13-76
220            android:directBootAware="false"
220-->[androidx.profileinstaller:profileinstaller:1.3.0] AndroidManifest.xml:36:13-44
221            android:enabled="true"
221-->[androidx.profileinstaller:profileinstaller:1.3.0] AndroidManifest.xml:37:13-35
222            android:exported="true"
222-->[androidx.profileinstaller:profileinstaller:1.3.0] AndroidManifest.xml:38:13-36
223            android:permission="android.permission.DUMP" >
223-->[androidx.profileinstaller:profileinstaller:1.3.0] AndroidManifest.xml:39:13-57
224            <intent-filter>
224-->[androidx.profileinstaller:profileinstaller:1.3.0] AndroidManifest.xml:40:13-42:29
225                <action android:name="androidx.profileinstaller.action.INSTALL_PROFILE" />
225-->[androidx.profileinstaller:profileinstaller:1.3.0] AndroidManifest.xml:41:17-91
225-->[androidx.profileinstaller:profileinstaller:1.3.0] AndroidManifest.xml:41:25-88
226            </intent-filter>
227            <intent-filter>
227-->[androidx.profileinstaller:profileinstaller:1.3.0] AndroidManifest.xml:43:13-45:29
228                <action android:name="androidx.profileinstaller.action.SKIP_FILE" />
228-->[androidx.profileinstaller:profileinstaller:1.3.0] AndroidManifest.xml:44:17-85
228-->[androidx.profileinstaller:profileinstaller:1.3.0] AndroidManifest.xml:44:25-82
229            </intent-filter>
230            <intent-filter>
230-->[androidx.profileinstaller:profileinstaller:1.3.0] AndroidManifest.xml:46:13-48:29
231                <action android:name="androidx.profileinstaller.action.SAVE_PROFILE" />
231-->[androidx.profileinstaller:profileinstaller:1.3.0] AndroidManifest.xml:47:17-88
231-->[androidx.profileinstaller:profileinstaller:1.3.0] AndroidManifest.xml:47:25-85
232            </intent-filter>
233            <intent-filter>
233-->[androidx.profileinstaller:profileinstaller:1.3.0] AndroidManifest.xml:49:13-51:29
234                <action android:name="androidx.profileinstaller.action.BENCHMARK_OPERATION" />
234-->[androidx.profileinstaller:profileinstaller:1.3.0] AndroidManifest.xml:50:17-95
234-->[androidx.profileinstaller:profileinstaller:1.3.0] AndroidManifest.xml:50:25-92
235            </intent-filter>
236        </receiver>
237    </application>
238
239</manifest> <!-- //android:theme="@style/Theme.MaterialComponents.Light.NoActionBar" -->